benchmark/build/outputs/mapping/benchmark/configuration.txt
# The proguard configuration file for the following section is transformed/espresso-core-3.4.0/proguard.txt
# Common proguard flags for all the espresso libraries.

# ignore 'cannot find java.beans and mockito integration' warnings
-dontwarn org.hamcrest.**

# ignore 'can't find referenced class sun.misc.Unsafe' from guava
-dontwarn androidx.test.espresso.core.deps.guava.**

# ignore 'can't find referenced class javax.lang.model.element.Modifier'
-dontwarn com.squareup.javawriter.JavaWriter

# ignore 'can't find referenced class sun.misc.Unsafe, libcore.io.Memory' from protobuf
-dontwarn androidx.test.espresso.core.deps.protobuf.**

# ignore 'can't find referenced method android.app.Instrumentation' from android.jar
-dontwarn androidx.test.runner.MonitoringInstrumentation

# End of content from transformed/espresso-core-3.4.0/proguard.txt
# The proguard configuration file for the following section is META-INF/proguard/okio.pro
# Animal Sniffer compileOnly dependency to ensure APIs are compatible with older versions of Java.
-dontwarn org.codehaus.mojo.animal_sniffer.*

# End of content from META-INF/proguard/okio.pro
# The proguard configuration file for the following section is transformed/rules-1.3.0/proguard.txt
# for 'can't find referenced method 'android.app.Instrumentation$ActivityResult execStartActivity' etc
-dontwarn androidx.test.runner.MonitoringInstrumentation

# for 'library class android.test.* extends or implements program class'
-dontwarn android.test.**

# End of content from transformed/rules-1.3.0/proguard.txt
# The proguard configuration file for the following section is transformed/runner-1.4.0/proguard.txt
# Proguard flags for the AndroidJUnitRunner library.

# avoid obfuscation of the instrumentation runners and orchestrator
-keepnames class androidx.test.**

# Annotation classes accessed via reflection
-keep class androidx.test.annotation.** { *; }

# for 'can't find referenced method 'android.app.Instrumentation$ActivityResult execStartActivity' etc
-dontwarn androidx.test.runner.MonitoringInstrumentation

# for 'library class android.test.* extends or implements program class'
-dontwarn android.test.**

# for 'can't find referenced class java.lang.management.RuntimeMXBean'
-dontwarn org.junit.rules.DisableOnDebug

# for 'can't find referenced class java.lang.management.ThreadMXBean'
-dontwarn org.junit.internal.runners.statements.FailOnTimeout

# for 'can't find referenced class java.beans.**, easymock, etc
-dontwarn org.hamcrest.**
# End of content from transformed/runner-1.4.0/proguard.txt
# The proguard configuration file for the following section is transformed/monitor-1.5.0/proguard.txt
# Proguard flags for the AndroidJUnitRunner library.

# avoid obfuscation of the instrumentation runners and orchestrator
-keepnames class androidx.test.**

# Annotation classes accessed via reflection
-keep class androidx.test.annotation.** { *; }

# for 'can't find referenced method 'android.app.Instrumentation$ActivityResult execStartActivity' etc
-dontwarn androidx.test.runner.MonitoringInstrumentation

# End of content from transformed/monitor-1.5.0/proguard.txt
# The proguard configuration file for the following section is transformed/jetified-startup-runtime-1.0.0/proguard.txt
# This Proguard rule ensures that ComponentInitializers are are neither shrunk nor obfuscated.
# This is because they are discovered and instantiated during application initialization.
-keep class * extends androidx.startup.Initializer {
    # Keep the public no-argument constructor while allowing other methods to be optimized.
    <init>();
}

-assumenosideeffects class androidx.startup.StartupLogger

# End of content from transformed/jetified-startup-runtime-1.0.0/proguard.txt
# The proguard configuration file for the following section is META-INF/proguard/androidx-annotations.pro
-keep,allowobfuscation @interface androidx.annotation.Keep
-keep @androidx.annotation.Keep class * {*;}

-keepclasseswithmembers class * {
    @androidx.annotation.Keep <methods>;
}

-keepclasseswithmembers class * {
    @androidx.annotation.Keep <fields>;
}

-keepclasseswithmembers class * {
    @androidx.annotation.Keep <init>(...);
}

-keepclassmembers,allowobfuscation class * {
  @androidx.annotation.DoNotInline <methods>;
}

# End of content from META-INF/proguard/androidx-annotations.pro
# The proguard configuration file for the following section is transformed/jetified-annotation-experimental-1.1.0/proguard.txt
# Copyright (C) 2020 The Android Open Source Project
#
# Licensed under the Apache License, Version 2.0 (the "License");
# you may not use this file except in compliance with the License.
# You may obtain a copy of the License at
#
#      http://www.apache.org/licenses/LICENSE-2.0
#
# Unless required by applicable law or agreed to in writing, software
# distributed under the License is distributed on an "AS IS" BASIS,
# WITHOUT WARRANTIES OR CONDITIONS OF ANY KIND, either express or implied.
# See the License for the specific language governing permissions and
# limitations under the License.

# Ignore missing Kotlin meta-annotations so that this library can be used
# without adding a compileOnly dependency on the Kotlin standard library.
-dontwarn kotlin.Deprecated
-dontwarn kotlin.Metadata
-dontwarn kotlin.ReplaceWith
-dontwarn kotlin.annotation.AnnotationRetention
-dontwarn kotlin.annotation.AnnotationTarget
-dontwarn kotlin.annotation.Retention
-dontwarn kotlin.annotation.Target

# End of content from transformed/jetified-annotation-experimental-1.1.0/proguard.txt
# The proguard configuration file for the following section is <unknown>
-dontoptimize
-keep class * {*;}
-keep interface * {*;}
-keep enum * {*;}
-keepattributes *
-ignorewarnings
# End of content from <unknown>