benchmark/build/outputs/mapping/benchmark/seeds.txt
junit.framework.TestCase: void runTest()
junit.runner.BaseTestRunner: java.lang.Class loadSuiteClass(java.lang.String)
junit.framework.TestCase: void assertEquals(java.lang.String,char,char)
junit.framework.Assert: void assertEquals(java.lang.String,java.lang.Object,java.lang.Object)
junit.framework.TestCase: void failNotEquals(java.lang.String,java.lang.Object,java.lang.Object)
junit.framework.TestCase: junit.framework.TestResult createResult()
junit.runner.BaseTestRunner: java.lang.String getFilteredTrace(java.lang.String)
kotlin.internal.RequireKotlinVersionKind: kotlin.internal.RequireKotlinVersionKind[] values()
androidx.lifecycle.Lifecycle$State: androidx.lifecycle.Lifecycle$State[] values()
androidx.benchmark.macro.perfetto.FrameTimingQuery$SubMetric: androidx.benchmark.macro.perfetto.FrameTimingQuery$SubMetric[] values()
org.junit.runners.parameterized.BlockJUnit4ClassRunnerWithParameters$InjectionType: org.junit.runners.parameterized.BlockJUnit4ClassRunnerWithParameters$InjectionType[] values()
androidx.test.services.storage.file.HostedFile$FileHost: androidx.test.services.storage.file.HostedFile$FileHost[] values()
androidx.annotation.experimental.Experimental$Level: androidx.annotation.experimental.Experimental$Level[] values()
junit.framework.TestCase: void assertEquals(java.lang.String,short,short)
perfetto.protos.ConsoleConfig$Output: perfetto.protos.ConsoleConfig$Output[] values()
junit.framework.TestCase: void assertEquals(char,char)
junit.framework.TestCase: void setName(java.lang.String)
kotlin.reflect.KParameter$Kind: kotlin.reflect.KParameter$Kind[] values()
junit.framework.Assert: void assertEquals(java.lang.String,long,long)
junit.framework.Assert: void assertNotSame(java.lang.String,java.lang.Object,java.lang.Object)
junit.framework.TestCase: void run(junit.framework.TestResult)
perfetto.protos.ChromeConfig$ClientPriority: perfetto.protos.ChromeConfig$ClientPriority[] values()
androidx.test.espresso.base.UiControllerImpl$InterrogationStatus: androidx.test.espresso.base.UiControllerImpl$InterrogationStatus[] values()
junit.runner.BaseTestRunner: java.lang.String elapsedTimeAsString(long)
junit.framework.TestCase: void assertEquals(java.lang.String,double,double,double)
junit.runner.BaseTestRunner: void runFailed(java.lang.String)
junit.framework.TestCase: void assertTrue(java.lang.String,boolean)
junit.runner.BaseTestRunner: void clearStatus()
kotlin.contracts.InvocationKind: kotlin.contracts.InvocationKind[] values()
androidx.benchmark.simpleperf.ProfileSession$State: androidx.benchmark.simpleperf.ProfileSession$State[] values()
androidx.test.services.storage.file.HostedFile$FileType: androidx.test.services.storage.file.HostedFile$FileType[] values()
androidx.test.espresso.action.GeneralLocation$Position: androidx.test.espresso.action.GeneralLocation$Position[] values()
junit.framework.TestCase: void assertNotSame(java.lang.String,java.lang.Object,java.lang.Object)
junit.framework.TestListener: void startTest(junit.framework.Test)
junit.framework.TestCase: void setUp()
junit.runner.BaseTestRunner: void readPreferences()
perfetto.protos.TraceConfig$BufferConfig$FillPolicy: perfetto.protos.TraceConfig$BufferConfig$FillPolicy[] values()
junit.framework.TestCase: void assertSame(java.lang.Object,java.lang.Object)
kotlin.reflect.KVariance: kotlin.reflect.KVariance[] values()
androidx.test.runner.permission.RequestPermissionCallable$Result: androidx.test.runner.permission.RequestPermissionCallable$Result[] values()
perfetto.protos.SysStatsConfig$StatCounters: perfetto.protos.SysStatsConfig$StatCounters[] values()
androidx.test.espresso.action.GeneralLocation: androidx.test.espresso.action.GeneralLocation[] values()
junit.framework.Assert: void assertTrue(boolean)
junit.framework.Assert: void assertEquals(double,double,double)
junit.framework.Assert: void assertNotSame(java.lang.Object,java.lang.Object)
junit.framework.TestCase: void assertEquals(java.lang.String,byte,byte)