benchmark/build/outputs/mapping/benchmark/mapping.txt
# compiler: R8
# compiler_version: 3.1.66
# min_api: 29
# pg_map_id: b755aba
# common_typos_disable
# {"id":"com.android.tools.r8.mapping","version":"1.0"}
com.nativo.benchmark.BuildConfig -> com.nativo.benchmark.BuildConfig:
    6:6:void <init>() -> <init>
com.nativo.benchmark.ExampleStartupBenchmark -> com.nativo.benchmark.ExampleStartupBenchmark:
# {"id":"sourceFile","fileName":"ExampleStartupBenchmark.kt"}
    25:30:void <init>() -> <init>
    29:29:androidx.benchmark.macro.junit4.MacrobenchmarkRule getBenchmarkRule() -> getBenchmarkRule
    67:71:void scrollCold() -> scrollCold
    49:53:void scrollWarm() -> scrollWarm
com.nativo.benchmark.ExampleStartupBenchmark$scrollCold$1 -> com.nativo.benchmark.ExampleStartupBenchmark$scrollCold$1:
# {"id":"sourceFile","fileName":"ExampleStartupBenchmark.kt"}
    67:67:java.lang.Object invoke(java.lang.Object) -> invoke
    74:74:void invoke(androidx.benchmark.macro.MacrobenchmarkScope) -> invoke
com.nativo.benchmark.ExampleStartupBenchmark$scrollCold$2 -> com.nativo.benchmark.ExampleStartupBenchmark$scrollCold$2:
# {"id":"sourceFile","fileName":"ExampleStartupBenchmark.kt"}
    67:67:java.lang.Object invoke(java.lang.Object) -> invoke
    77:79:void invoke(androidx.benchmark.macro.MacrobenchmarkScope) -> invoke
com.nativo.benchmark.ExampleStartupBenchmark$scrollWarm$1 -> com.nativo.benchmark.ExampleStartupBenchmark$scrollWarm$1:
# {"id":"sourceFile","fileName":"ExampleStartupBenchmark.kt"}
    49:49:java.lang.Object invoke(java.lang.Object) -> invoke
    56:56:void invoke(androidx.benchmark.macro.MacrobenchmarkScope) -> invoke
com.nativo.benchmark.ExampleStartupBenchmark$scrollWarm$2 -> com.nativo.benchmark.ExampleStartupBenchmark$scrollWarm$2:
# {"id":"sourceFile","fileName":"ExampleStartupBenchmark.kt"}
    49:49:java.lang.Object invoke(java.lang.Object) -> invoke
    59:62:void invoke(androidx.benchmark.macro.MacrobenchmarkScope) -> invoke
...
androidx.test.espresso.core.internal.deps.desugar.ThrowableExtension$ConcurrentWeakIdentityHashMap$WeakKey -> androidx.test.espresso.core.internal.deps.desugar.ThrowableExtension$ConcurrentWeakIdentityHashMap$WeakKey:
    1:4:void <init>(java.lang.Throwable,java.lang.ref.ReferenceQueue) -> <init>
    1:5:boolean equals(java.lang.Object) -> equals
    1:1:int hashCode() -> hashCode
androidx.test.espresso.core.internal.deps.desugar.ThrowableExtension$MimicDesugaringStrategy -> androidx.test.espresso.core.internal.deps.desugar.ThrowableExtension$MimicDesugaringStrategy:
    1:2:void <init>() -> <init>
    1:10:void printStackTrace(java.lang.Throwable,java.io.PrintWriter) -> printStackTrace
androidx.test.espresso.core.internal.deps.desugar.ThrowableExtension$NullDesugaringStrategy -> androidx.test.espresso.core.internal.deps.desugar.ThrowableExtension$NullDesugaringStrategy:
    1:1:void <init>() -> <init>
    1:1:void printStackTrace(java.lang.Throwable,java.io.PrintWriter) -> printStackTrace
androidx.test.espresso.core.internal.deps.desugar.ThrowableExtension$ReuseDesugaringStrategy -> androidx.test.espresso.core.internal.deps.desugar.ThrowableExtension$ReuseDesugaringStrategy:
    1:1:void <init>() -> <init>
    1:1:void printStackTrace(java.lang.Throwable,java.io.PrintWriter) -> printStackTrace
androidx.test.espresso.core.internal.deps.guava.base.Absent -> androidx.test.espresso.core.internal.deps.guava.base.Absent:
    1:1:void <clinit>() -> <clinit>
    1:1:void <init>() -> <init>
    1:1:java.util.Set asSet() -> asSet
    1:1:java.lang.Object get() -> get
    1:1:androidx.test.espresso.core.internal.deps.guava.base.Optional or(androidx.test.espresso.core.internal.deps.guava.base.Optional) -> or
    2:3:java.lang.Object or(androidx.test.espresso.core.internal.deps.guava.base.Supplier) -> or
    4:4:java.lang.Object or(java.lang.Object) -> or
    1:1:java.lang.Object readResolve() -> readResolve
    1:2:androidx.test.espresso.core.internal.deps.guava.base.Optional transform(androidx.test.espresso.core.internal.deps.guava.base.Function) -> transform
    1:1:androidx.test.espresso.core.internal.deps.guava.base.Optional withType() -> withType
androidx.test.espresso.core.internal.deps.guava.base.AbstractIterator -> androidx.test.espresso.core.internal.deps.guava.base.AbstractIterator:
    1:2:void <init>() -> <init>
    1:1:java.lang.Object endOfData() -> endOfData
    1:5:boolean hasNext() -> hasNext
    1:5:java.lang.Object next() -> next
    1:1:void remove() -> remove
    1:4:boolean tryToComputeNext() -> tryToComputeNext
androidx.test.espresso.core.internal.deps.guava.base.AbstractIterator$1 -> androidx.test.espresso.core.internal.deps.guava.base.AbstractIterator$1:
    1:1:void <clinit>() -> <clinit>
androidx.test.espresso.core.internal.deps.guava.base.AbstractIterator$State -> androidx.test.espresso.core.internal.deps.guava.base.AbstractIterator$State:
    1:1:androidx.test.espresso.core.internal.deps.guava.base.AbstractIterator$State[] $values() -> $values
    1:5:void <clinit>() -> <clinit>
    1:1:void <init>(java.lang.String,int) -> <init>
    1:1:androidx.test.espresso.core.internal.deps.guava.base.AbstractIterator$State[] values() -> values
androidx.test.espresso.core.internal.deps.guava.base.Ascii -> androidx.test.espresso.core.internal.deps.guava.base.Ascii:
    1:9:java.lang.String toLowerCase(java.lang.String) -> toLowerCase
androidx.test.espresso.core.internal.deps.guava.base.Equivalence -> androidx.test.espresso.core.internal.deps.guava.base.Equivalence:
    1:1:void <init>() -> <init>
    1:1:androidx.test.espresso.core.internal.deps.guava.base.Equivalence equals() -> equals
    4:4:boolean equivalent(java.lang.Object,java.lang.Object) -> equivalent
    3:3:int hash(java.lang.Object) -> hash
    1:1:androidx.test.espresso.core.internal.deps.guava.base.Equivalence identity() -> identity